::1 - - [14/Apr/2023:13:14:22 +0000] "GET /usuarios HTTP/1.1" 200 2119 "-" "PostmanRuntime/7.32.2"
::1 - - [14/Apr/2023:13:15:52 +0000] "GET /usuarios HTTP/1.1" 200 2119 "-" "PostmanRuntime/7.32.2"
::1 - - [14/Apr/2023:13:16:12 +0000] "GET /usuarios HTTP/1.1" 200 2119 "-" "PostmanRuntime/7.32.2"
::1 - - [14/Apr/2023:13:19:05 +0000] "POST /usuarios HTTP/1.1" 201 42 "-" "PostmanRuntime/7.32.2"
::1 - - [14/Apr/2023:13:30:32 +0000] "GET /usuarios HTTP/1.1" 200 2310 "-" "PostmanRuntime/7.32.2"
::1 - - [14/Apr/2023:13:30:36 +0000] "GET /usuarios?nome=cristiano HTTP/1.1" 200 197 "-" "PostmanRuntime/7.32.2"
::1 - - [14/Apr/2023:16:24:59 +0000] "POST /usuarios HTTP/1.1" 201 42 "-" "PostmanRuntime/7.32.2"
::1 - - [14/Apr/2023:16:26:26 +0000] "PUT /usuarios HTTP/1.1" 200 34 "-" "PostmanRuntime/7.32.2"
::1 - - [14/Apr/2023:16:27:22 +0000] "DELETE /usuarios HTTP/1.1" 200 32 "-" "PostmanRuntime/7.32.2"
::1 - - [14/Apr/2023:16:35:04 +0000] "POST /usuarios HTTP/1.1" 201 42 "-" "PostmanRuntime/7.32.2"
::1 - - [14/Apr/2023:16:35:20 +0000] "POST /usuarios HTTP/1.1" 201 42 "-" "PostmanRuntime/7.32.2"
::1 - - [14/Apr/2023:16:36:55 +0000] "POST /usuarios HTTP/1.1" 500 35 "-" "PostmanRuntime/7.32.2"
::1 - - [14/Apr/2023:16:37:27 +0000] "POST /usuarios HTTP/1.1" 201 42 "-" "PostmanRuntime/7.32.2"
::1 - - [14/Apr/2023:16:40:32 +0000] "PUT /usuarios HTTP/1.1" 200 34 "-" "PostmanRuntime/7.32.2"
::1 - - [14/Apr/2023:16:40:56 +0000] "DELETE /usuarios HTTP/1.1" 200 32 "-" "PostmanRuntime/7.32.2"
::1 - - [14/Apr/2023:17:01:45 +0000] "POST /usuarios HTTP/1.1" 201 42 "-" "PostmanRuntime/7.32.2"
::1 - - [14/Apr/2023:17:02:08 +0000] "PUT /usuarios HTTP/1.1" 200 34 "-" "PostmanRuntime/7.32.2"
::1 - - [14/Apr/2023:17:02:20 +0000] "DELETE /usuarios HTTP/1.1" 200 32 "-" "PostmanRuntime/7.32.2"
::1 - - [14/Apr/2023:18:18:51 +0000] "POST /usuarios HTTP/1.1" 201 42 "-" "PostmanRuntime/7.32.2"
::1 - - [14/Apr/2023:18:18:55 +0000] "PUT /usuarios HTTP/1.1" 404 35 "-" "PostmanRuntime/7.32.2"
::1 - - [14/Apr/2023:18:19:13 +0000] "PUT /usuarios HTTP/1.1" 200 34 "-" "PostmanRuntime/7.32.2"
::1 - - [14/Apr/2023:18:19:46 +0000] "DELETE /usuarios HTTP/1.1" 200 32 "-" "PostmanRuntime/7.32.2"
::1 - - [14/Apr/2023:18:20:21 +0000] "POST /usuarios HTTP/1.1" 201 42 "-" "PostmanRuntime/7.32.2"
::1 - - [14/Apr/2023:18:20:28 +0000] "DELETE /usuarios HTTP/1.1" 200 32 "-" "PostmanRuntime/7.32.2"
::1 - - [14/Apr/2023:18:21:14 +0000] "POST /usuarios HTTP/1.1" 201 42 "-" "PostmanRuntime/7.32.2"
::1 - - [14/Apr/2023:18:21:20 +0000] "PUT /usuarios HTTP/1.1" 200 34 "-" "PostmanRuntime/7.32.2"
::1 - - [14/Apr/2023:18:21:25 +0000] "DELETE /usuarios HTTP/1.1" 200 32 "-" "PostmanRuntime/7.32.2"
::1 - - [14/Apr/2023:18:24:26 +0000] "POST /usuarios HTTP/1.1" 201 42 "-" "PostmanRuntime/7.32.2"
::1 - - [14/Apr/2023:18:24:31 +0000] "GET /usuarios?nome=cristiano HTTP/1.1" 200 2 "-" "PostmanRuntime/7.32.2"
::1 - - [14/Apr/2023:18:24:34 +0000] "GET /usuarios HTTP/1.1" 200 183 "-" "PostmanRuntime/7.32.2"
::1 - - [14/Apr/2023:18:24:41 +0000] "PUT /usuarios HTTP/1.1" 200 34 "-" "PostmanRuntime/7.32.2"
::1 - - [14/Apr/2023:18:24:48 +0000] "DELETE /usuarios HTTP/1.1" 200 32 "-" "PostmanRuntime/7.32.2"
::1 - - [14/Apr/2023:19:00:02 +0000] "POST /usuarios HTTP/1.1" 201 42 "-" "PostmanRuntime/7.32.2"
::1 - - [14/Apr/2023:19:00:06 +0000] "PUT /usuarios HTTP/1.1" 404 35 "-" "PostmanRuntime/7.32.2"
::1 - - [14/Apr/2023:19:00:12 +0000] "PUT /usuarios HTTP/1.1" 200 34 "-" "PostmanRuntime/7.32.2"
::1 - - [14/Apr/2023:19:01:29 +0000] "DELETE /usuarios HTTP/1.1" 204 - "-" "PostmanRuntime/7.32.2"
::1 - - [14/Apr/2023:19:07:24 +0000] "POST /usuarios HTTP/1.1" 201 42 "-" "PostmanRuntime/7.32.2"
::1 - - [14/Apr/2023:19:07:47 +0000] "PUT /usuarios HTTP/1.1" 200 34 "-" "PostmanRuntime/7.32.2"
::1 - - [14/Apr/2023:19:08:48 +0000] "DELETE /usuarios HTTP/1.1" 200 32 "-" "PostmanRuntime/7.32.2"
